0 info it worked if it ends with ok
1 verbose cli [ '/usr/local/Cellar/node/6.9.1/bin/node',
1 verbose cli   '/usr/local/bin/npm',
1 verbose cli   'run',
1 verbose cli   'tdd' ]
2 info using npm@3.10.8
3 info using node@v6.9.1
4 verbose run-script [ 'pretdd', 'tdd', 'posttdd' ]
5 info lifecycle kanban_app@1.0.0~pretdd: kanban_app@1.0.0
6 silly lifecycle kanban_app@1.0.0~pretdd: no script for pretdd, continuing
7 info lifecycle kanban_app@1.0.0~tdd: kanban_app@1.0.0
8 verbose lifecycle kanban_app@1.0.0~tdd: unsafe-perm in lifecycle true
9 verbose lifecycle kanban_app@1.0.0~tdd: PATH: /usr/local/lib/node_modules/npm/bin/node-gyp-bin:/Users/kristianwilson/Projects/kanban_app/node_modules/.bin:/usr/local/Cellar/node/6.9.1/bin:/Users/kristianwilson/bin:/usr/local/bin:/usr/local/bin:/usr/bin:/bin:/usr/sbin:/sbin:~/bin:/usr/local/share/dotnet:/Library/Frameworks/Mono.framework/Versions/Current/Commands
10 verbose lifecycle kanban_app@1.0.0~tdd: CWD: /Users/kristianwilson/Projects/kanban_app
11 silly lifecycle kanban_app@1.0.0~tdd: Args: [ '-c', 'karma start --auto-watch --no-single-run' ]
12 silly lifecycle kanban_app@1.0.0~tdd: Returned: code: 1  signal: null
13 info lifecycle kanban_app@1.0.0~tdd: Failed to exec tdd script
14 verbose stack Error: kanban_app@1.0.0 tdd: `karma start --auto-watch --no-single-run`
14 verbose stack Exit status 1
14 verbose stack     at EventEmitter.<anonymous> (/usr/local/lib/node_modules/npm/lib/utils/lifecycle.js:255:16)
14 verbose stack     at emitTwo (events.js:106:13)
14 verbose stack     at EventEmitter.emit (events.js:191:7)
14 verbose stack     at ChildProcess.<anonymous> (/usr/local/lib/node_modules/npm/lib/utils/spawn.js:40:14)
14 verbose stack     at emitTwo (events.js:106:13)
14 verbose stack     at ChildProcess.emit (events.js:191:7)
14 verbose stack     at maybeClose (internal/child_process.js:877:16)
14 verbose stack     at Process.ChildProcess._handle.onexit (internal/child_process.js:226:5)
15 verbose pkgid kanban_app@1.0.0
16 verbose cwd /Users/kristianwilson/Projects/kanban_app
17 error Darwin 16.0.0
18 error argv "/usr/local/Cellar/node/6.9.1/bin/node" "/usr/local/bin/npm" "run" "tdd"
19 error node v6.9.1
20 error npm  v3.10.8
21 error code ELIFECYCLE
22 error kanban_app@1.0.0 tdd: `karma start --auto-watch --no-single-run`
22 error Exit status 1
23 error Failed at the kanban_app@1.0.0 tdd script 'karma start --auto-watch --no-single-run'.
23 error Make sure you have the latest version of node.js and npm installed.
23 error If you do, this is most likely a problem with the kanban_app package,
23 error not with npm itself.
23 error Tell the author that this fails on your system:
23 error     karma start --auto-watch --no-single-run
23 error You can get information on how to open an issue for this project with:
23 error     npm bugs kanban_app
23 error Or if that isn't available, you can get their info via:
23 error     npm owner ls kanban_app
23 error There is likely additional logging output above.
24 verbose exit [ 1, true ]
